
build/iris/main.exe:     file format elf32-avr


Disassembly of section .text:

00000000 <__vectors>:
   0:	0c 94 69 00 	jmp	0xd2	; 0xd2 <__ctors_end>
   4:	0c 94 7b 00 	jmp	0xf6	; 0xf6 <__bad_interrupt>
   8:	0c 94 7b 00 	jmp	0xf6	; 0xf6 <__bad_interrupt>
   c:	0c 94 7b 00 	jmp	0xf6	; 0xf6 <__bad_interrupt>
  10:	0c 94 7b 00 	jmp	0xf6	; 0xf6 <__bad_interrupt>
  14:	0c 94 7b 00 	jmp	0xf6	; 0xf6 <__bad_interrupt>
  18:	0c 94 7b 00 	jmp	0xf6	; 0xf6 <__bad_interrupt>
  1c:	0c 94 7b 00 	jmp	0xf6	; 0xf6 <__bad_interrupt>
  20:	0c 94 7b 00 	jmp	0xf6	; 0xf6 <__bad_interrupt>
  24:	0c 94 7b 00 	jmp	0xf6	; 0xf6 <__bad_interrupt>
  28:	0c 94 7b 00 	jmp	0xf6	; 0xf6 <__bad_interrupt>
  2c:	0c 94 7b 00 	jmp	0xf6	; 0xf6 <__bad_interrupt>
  30:	0c 94 7b 00 	jmp	0xf6	; 0xf6 <__bad_interrupt>
  34:	0c 94 e3 02 	jmp	0x5c6	; 0x5c6 <__vector_13>
  38:	0c 94 7b 00 	jmp	0xf6	; 0xf6 <__bad_interrupt>
  3c:	0c 94 27 03 	jmp	0x64e	; 0x64e <__vector_15>
  40:	0c 94 7b 00 	jmp	0xf6	; 0xf6 <__bad_interrupt>
  44:	0c 94 7b 00 	jmp	0xf6	; 0xf6 <__bad_interrupt>
  48:	0c 94 7b 00 	jmp	0xf6	; 0xf6 <__bad_interrupt>
  4c:	0c 94 7b 00 	jmp	0xf6	; 0xf6 <__bad_interrupt>
  50:	0c 94 7b 00 	jmp	0xf6	; 0xf6 <__bad_interrupt>
  54:	0c 94 7b 00 	jmp	0xf6	; 0xf6 <__bad_interrupt>
  58:	0c 94 7b 00 	jmp	0xf6	; 0xf6 <__bad_interrupt>
  5c:	0c 94 7b 00 	jmp	0xf6	; 0xf6 <__bad_interrupt>
  60:	0c 94 7b 00 	jmp	0xf6	; 0xf6 <__bad_interrupt>
  64:	0c 94 7b 00 	jmp	0xf6	; 0xf6 <__bad_interrupt>
  68:	0c 94 7b 00 	jmp	0xf6	; 0xf6 <__bad_interrupt>
  6c:	0c 94 7b 00 	jmp	0xf6	; 0xf6 <__bad_interrupt>
  70:	0c 94 7b 00 	jmp	0xf6	; 0xf6 <__bad_interrupt>
  74:	0c 94 7b 00 	jmp	0xf6	; 0xf6 <__bad_interrupt>
  78:	0c 94 7b 00 	jmp	0xf6	; 0xf6 <__bad_interrupt>
  7c:	0c 94 7b 00 	jmp	0xf6	; 0xf6 <__bad_interrupt>
  80:	0c 94 7b 00 	jmp	0xf6	; 0xf6 <__bad_interrupt>
  84:	0c 94 7b 00 	jmp	0xf6	; 0xf6 <__bad_interrupt>
  88:	0c 94 7b 00 	jmp	0xf6	; 0xf6 <__bad_interrupt>
  8c:	0c 94 7b 00 	jmp	0xf6	; 0xf6 <__bad_interrupt>
  90:	0c 94 7b 00 	jmp	0xf6	; 0xf6 <__bad_interrupt>
  94:	0c 94 7b 00 	jmp	0xf6	; 0xf6 <__bad_interrupt>
  98:	0c 94 7b 00 	jmp	0xf6	; 0xf6 <__bad_interrupt>
  9c:	0c 94 7b 00 	jmp	0xf6	; 0xf6 <__bad_interrupt>
  a0:	0c 94 7b 00 	jmp	0xf6	; 0xf6 <__bad_interrupt>
  a4:	0c 94 7b 00 	jmp	0xf6	; 0xf6 <__bad_interrupt>
  a8:	0c 94 7b 00 	jmp	0xf6	; 0xf6 <__bad_interrupt>
  ac:	0c 94 7b 00 	jmp	0xf6	; 0xf6 <__bad_interrupt>
  b0:	0c 94 7b 00 	jmp	0xf6	; 0xf6 <__bad_interrupt>
  b4:	0c 94 7b 00 	jmp	0xf6	; 0xf6 <__bad_interrupt>
  b8:	0c 94 7b 00 	jmp	0xf6	; 0xf6 <__bad_interrupt>
  bc:	0c 94 7b 00 	jmp	0xf6	; 0xf6 <__bad_interrupt>
  c0:	0c 94 7b 00 	jmp	0xf6	; 0xf6 <__bad_interrupt>
  c4:	0c 94 7b 00 	jmp	0xf6	; 0xf6 <__bad_interrupt>
  c8:	0c 94 7b 00 	jmp	0xf6	; 0xf6 <__bad_interrupt>

000000cc <McuSleepC__atm128PowerBits>:
  cc:	00 02 0e 06 0c 04                                   ......

000000d2 <__ctors_end>:
  d2:	11 24       	eor	r1, r1
  d4:	1f be       	out	0x3f, r1	; 63
  d6:	cf ef       	ldi	r28, 0xFF	; 255
  d8:	d1 e2       	ldi	r29, 0x21	; 33
  da:	de bf       	out	0x3e, r29	; 62
  dc:	cd bf       	out	0x3d, r28	; 61

000000de <__do_clear_bss>:
  de:	22 e0       	ldi	r18, 0x02	; 2
  e0:	a0 e0       	ldi	r26, 0x00	; 0
  e2:	b2 e0       	ldi	r27, 0x02	; 2
  e4:	01 c0       	rjmp	.+2      	; 0xe8 <.do_clear_bss_start>

000000e6 <.do_clear_bss_loop>:
  e6:	1d 92       	st	X+, r1

000000e8 <.do_clear_bss_start>:
  e8:	a4 33       	cpi	r26, 0x34	; 52
  ea:	b2 07       	cpc	r27, r18
  ec:	e1 f7       	brne	.-8      	; 0xe6 <.do_clear_bss_loop>
  ee:	0e 94 4f 03 	call	0x69e	; 0x69e <main>
  f2:	0c 94 5c 04 	jmp	0x8b8	; 0x8b8 <_exit>

000000f6 <__bad_interrupt>:
  f6:	0c 94 00 00 	jmp	0	; 0x0 <__vectors>

000000fa <SchedulerBasicP__popTask>:
  fa:	80 91 2c 02 	lds	r24, 0x022C
  fe:	8f 3f       	cpi	r24, 0xFF	; 255
 100:	71 f0       	breq	.+28     	; 0x11e <SchedulerBasicP__popTask+0x24>
 102:	e8 2f       	mov	r30, r24
 104:	f0 e0       	ldi	r31, 0x00	; 0
 106:	e7 5f       	subi	r30, 0xF7	; 247
 108:	fd 4f       	sbci	r31, 0xFD	; 253
 10a:	90 81       	ld	r25, Z
 10c:	90 93 2c 02 	sts	0x022C, r25
 110:	9f 3f       	cpi	r25, 0xFF	; 255
 112:	11 f4       	brne	.+4      	; 0x118 <SchedulerBasicP__popTask+0x1e>
 114:	90 93 33 02 	sts	0x0233, r25
 118:	9f ef       	ldi	r25, 0xFF	; 255
 11a:	90 83       	st	Z, r25
 11c:	08 95       	ret
 11e:	8f ef       	ldi	r24, 0xFF	; 255
 120:	08 95       	ret

00000122 <HplAtm1281Timer2AsyncP__stabiliseTimer2>:
 122:	80 91 b0 00 	lds	r24, 0x00B0
 126:	80 93 b0 00 	sts	0x00B0, r24
 12a:	80 91 b6 00 	lds	r24, 0x00B6
 12e:	81 fd       	sbrc	r24, 1
 130:	fc cf       	rjmp	.-8      	; 0x12a <HplAtm1281Timer2AsyncP__stabiliseTimer2+0x8>
 132:	08 95       	ret

00000134 <Atm1281AlarmAsyncP__0__Counter__get>:
 134:	2f b7       	in	r18, 0x3f	; 63
 136:	f8 94       	cli
 138:	30 91 b2 00 	lds	r19, 0x00B2
 13c:	80 91 05 02 	lds	r24, 0x0205
 140:	90 91 06 02 	lds	r25, 0x0206
 144:	a0 91 07 02 	lds	r26, 0x0207
 148:	b0 91 08 02 	lds	r27, 0x0208
 14c:	b9 9b       	sbis	0x17, 1	; 23
 14e:	0f c0       	rjmp	.+30     	; 0x16e <Atm1281AlarmAsyncP__0__Counter__get+0x3a>
 150:	40 91 b3 00 	lds	r20, 0x00B3
 154:	30 91 b2 00 	lds	r19, 0x00B2
 158:	bc 01       	movw	r22, r24
 15a:	cd 01       	movw	r24, r26
 15c:	6f 5f       	subi	r22, 0xFF	; 255
 15e:	7f 4f       	sbci	r23, 0xFF	; 255
 160:	8f 4f       	sbci	r24, 0xFF	; 255
 162:	9f 4f       	sbci	r25, 0xFF	; 255
 164:	64 0f       	add	r22, r20
 166:	71 1d       	adc	r23, r1
 168:	81 1d       	adc	r24, r1
 16a:	91 1d       	adc	r25, r1
 16c:	02 c0       	rjmp	.+4      	; 0x172 <Atm1281AlarmAsyncP__0__Counter__get+0x3e>
 16e:	bc 01       	movw	r22, r24
 170:	cd 01       	movw	r24, r26
 172:	63 0f       	add	r22, r19
 174:	71 1d       	adc	r23, r1
 176:	81 1d       	adc	r24, r1
 178:	91 1d       	adc	r25, r1
 17a:	2f bf       	out	0x3f, r18	; 63
 17c:	08 95       	ret

0000017e <SchedulerBasicP__TaskBasic__postTask>:
 17e:	9f b7       	in	r25, 0x3f	; 63
 180:	f8 94       	cli
 182:	e8 2f       	mov	r30, r24
 184:	f0 e0       	ldi	r31, 0x00	; 0
 186:	e7 5f       	subi	r30, 0xF7	; 247
 188:	fd 4f       	sbci	r31, 0xFD	; 253
 18a:	20 81       	ld	r18, Z
 18c:	2f 3f       	cpi	r18, 0xFF	; 255
 18e:	c9 f4       	brne	.+50     	; 0x1c2 <SchedulerBasicP__TaskBasic__postTask+0x44>
 190:	21 e0       	ldi	r18, 0x01	; 1
 192:	30 e0       	ldi	r19, 0x00	; 0
 194:	e0 91 33 02 	lds	r30, 0x0233
 198:	e8 17       	cp	r30, r24
 19a:	11 f0       	breq	.+4      	; 0x1a0 <SchedulerBasicP__TaskBasic__postTask+0x22>
 19c:	20 e0       	ldi	r18, 0x00	; 0
 19e:	30 e0       	ldi	r19, 0x00	; 0
 1a0:	23 2b       	or	r18, r19
 1a2:	79 f4       	brne	.+30     	; 0x1c2 <SchedulerBasicP__TaskBasic__postTask+0x44>
 1a4:	20 91 2c 02 	lds	r18, 0x022C
 1a8:	2f 3f       	cpi	r18, 0xFF	; 255
 1aa:	19 f4       	brne	.+6      	; 0x1b2 <SchedulerBasicP__TaskBasic__postTask+0x34>
 1ac:	80 93 2c 02 	sts	0x022C, r24
 1b0:	04 c0       	rjmp	.+8      	; 0x1ba <SchedulerBasicP__TaskBasic__postTask+0x3c>
 1b2:	f0 e0       	ldi	r31, 0x00	; 0
 1b4:	e7 5f       	subi	r30, 0xF7	; 247
 1b6:	fd 4f       	sbci	r31, 0xFD	; 253
 1b8:	80 83       	st	Z, r24
 1ba:	80 93 33 02 	sts	0x0233, r24
 1be:	80 e0       	ldi	r24, 0x00	; 0
 1c0:	01 c0       	rjmp	.+2      	; 0x1c4 <SchedulerBasicP__TaskBasic__postTask+0x46>
 1c2:	85 e0       	ldi	r24, 0x05	; 5
 1c4:	9f bf       	out	0x3f, r25	; 63
 1c6:	08 95       	ret

000001c8 <Atm1281AlarmAsyncP__0__setInterrupt>:
 1c8:	cf 92       	push	r12
 1ca:	df 92       	push	r13
 1cc:	ef 92       	push	r14
 1ce:	ff 92       	push	r15
 1d0:	0f 93       	push	r16
 1d2:	1f 93       	push	r17
 1d4:	cf 93       	push	r28
 1d6:	cf b7       	in	r28, 0x3f	; 63
 1d8:	f8 94       	cli
 1da:	20 91 b3 00 	lds	r18, 0x00B3
 1de:	90 91 b2 00 	lds	r25, 0x00B2
 1e2:	87 b3       	in	r24, 0x17	; 23
 1e4:	29 17       	cp	r18, r25
 1e6:	11 f0       	breq	.+4      	; 0x1ec <Atm1281AlarmAsyncP__0__setInterrupt+0x24>
 1e8:	81 ff       	sbrs	r24, 1
 1ea:	02 c0       	rjmp	.+4      	; 0x1f0 <Atm1281AlarmAsyncP__0__setInterrupt+0x28>
 1ec:	cf bf       	out	0x3f, r28	; 63
 1ee:	78 c0       	rjmp	.+240    	; 0x2e0 <Atm1281AlarmAsyncP__0__setInterrupt+0x118>
 1f0:	80 91 0c 02 	lds	r24, 0x020C
 1f4:	81 11       	cpse	r24, r1
 1f6:	02 c0       	rjmp	.+4      	; 0x1fc <Atm1281AlarmAsyncP__0__setInterrupt+0x34>
 1f8:	86 ee       	ldi	r24, 0xE6	; 230
 1fa:	3a c0       	rjmp	.+116    	; 0x270 <Atm1281AlarmAsyncP__0__setInterrupt+0xa8>
 1fc:	0e 94 9a 00 	call	0x134	; 0x134 <Atm1281AlarmAsyncP__0__Counter__get>
 200:	00 91 01 02 	lds	r16, 0x0201
 204:	10 91 02 02 	lds	r17, 0x0202
 208:	20 91 03 02 	lds	r18, 0x0203
 20c:	30 91 04 02 	lds	r19, 0x0204
 210:	c0 90 2f 02 	lds	r12, 0x022F
 214:	d0 90 30 02 	lds	r13, 0x0230
 218:	e0 90 31 02 	lds	r14, 0x0231
 21c:	f0 90 32 02 	lds	r15, 0x0232
 220:	60 1b       	sub	r22, r16
 222:	71 0b       	sbc	r23, r17
 224:	82 0b       	sbc	r24, r18
 226:	93 0b       	sbc	r25, r19
 228:	6c 15       	cp	r22, r12
 22a:	7d 05       	cpc	r23, r13
 22c:	8e 05       	cpc	r24, r14
 22e:	9f 05       	cpc	r25, r15
 230:	28 f0       	brcs	.+10     	; 0x23c <Atm1281AlarmAsyncP__0__setInterrupt+0x74>
 232:	10 92 0c 02 	sts	0x020C, r1
 236:	86 ee       	ldi	r24, 0xE6	; 230
 238:	31 e0       	ldi	r19, 0x01	; 1
 23a:	1b c0       	rjmp	.+54     	; 0x272 <Atm1281AlarmAsyncP__0__setInterrupt+0xaa>
 23c:	d7 01       	movw	r26, r14
 23e:	c6 01       	movw	r24, r12
 240:	80 0f       	add	r24, r16
 242:	91 1f       	adc	r25, r17
 244:	a2 1f       	adc	r26, r18
 246:	b3 1f       	adc	r27, r19
 248:	40 91 05 02 	lds	r20, 0x0205
 24c:	50 91 06 02 	lds	r21, 0x0206
 250:	60 91 07 02 	lds	r22, 0x0207
 254:	70 91 08 02 	lds	r23, 0x0208
 258:	84 1b       	sub	r24, r20
 25a:	95 0b       	sbc	r25, r21
 25c:	a6 0b       	sbc	r26, r22
 25e:	b7 0b       	sbc	r27, r23
 260:	87 3e       	cpi	r24, 0xE7	; 231
 262:	91 05       	cpc	r25, r1
 264:	a1 05       	cpc	r26, r1
 266:	b1 05       	cpc	r27, r1
 268:	38 f6       	brcc	.-114    	; 0x1f8 <Atm1281AlarmAsyncP__0__setInterrupt+0x30>
 26a:	82 30       	cpi	r24, 0x02	; 2
 26c:	08 f4       	brcc	.+2      	; 0x270 <Atm1281AlarmAsyncP__0__setInterrupt+0xa8>
 26e:	82 e0       	ldi	r24, 0x02	; 2
 270:	30 e0       	ldi	r19, 0x00	; 0
 272:	2f ef       	ldi	r18, 0xFF	; 255
 274:	28 0f       	add	r18, r24
 276:	90 91 b6 00 	lds	r25, 0x00B6
 27a:	93 fd       	sbrc	r25, 3
 27c:	fc cf       	rjmp	.-8      	; 0x276 <Atm1281AlarmAsyncP__0__setInterrupt+0xae>
 27e:	90 91 b2 00 	lds	r25, 0x00B2
 282:	29 13       	cpse	r18, r25
 284:	01 c0       	rjmp	.+2      	; 0x288 <Atm1281AlarmAsyncP__0__setInterrupt+0xc0>
 286:	28 2f       	mov	r18, r24
 288:	80 91 05 02 	lds	r24, 0x0205
 28c:	90 91 06 02 	lds	r25, 0x0206
 290:	a0 91 07 02 	lds	r26, 0x0207
 294:	b0 91 08 02 	lds	r27, 0x0208
 298:	ac 01       	movw	r20, r24
 29a:	bd 01       	movw	r22, r26
 29c:	4f 5f       	subi	r20, 0xFF	; 255
 29e:	5f 4f       	sbci	r21, 0xFF	; 255
 2a0:	6f 4f       	sbci	r22, 0xFF	; 255
 2a2:	7f 4f       	sbci	r23, 0xFF	; 255
 2a4:	42 0f       	add	r20, r18
 2a6:	51 1d       	adc	r21, r1
 2a8:	61 1d       	adc	r22, r1
 2aa:	71 1d       	adc	r23, r1
 2ac:	48 17       	cp	r20, r24
 2ae:	59 07       	cpc	r21, r25
 2b0:	6a 07       	cpc	r22, r26
 2b2:	7b 07       	cpc	r23, r27
 2b4:	10 f4       	brcc	.+4      	; 0x2ba <Atm1281AlarmAsyncP__0__setInterrupt+0xf2>
 2b6:	28 2f       	mov	r18, r24
 2b8:	20 95       	com	r18
 2ba:	80 91 b6 00 	lds	r24, 0x00B6
 2be:	83 fd       	sbrc	r24, 3
 2c0:	fc cf       	rjmp	.-8      	; 0x2ba <Atm1281AlarmAsyncP__0__setInterrupt+0xf2>
 2c2:	20 93 b3 00 	sts	0x00B3, r18
 2c6:	cf bf       	out	0x3f, r28	; 63
 2c8:	33 23       	and	r19, r19
 2ca:	51 f0       	breq	.+20     	; 0x2e0 <Atm1281AlarmAsyncP__0__setInterrupt+0x118>
 2cc:	80 e0       	ldi	r24, 0x00	; 0
 2ce:	cf 91       	pop	r28
 2d0:	1f 91       	pop	r17
 2d2:	0f 91       	pop	r16
 2d4:	ff 90       	pop	r15
 2d6:	ef 90       	pop	r14
 2d8:	df 90       	pop	r13
 2da:	cf 90       	pop	r12
 2dc:	0c 94 bf 00 	jmp	0x17e	; 0x17e <SchedulerBasicP__TaskBasic__postTask>
 2e0:	cf 91       	pop	r28
 2e2:	1f 91       	pop	r17
 2e4:	0f 91       	pop	r16
 2e6:	ff 90       	pop	r15
 2e8:	ef 90       	pop	r14
 2ea:	df 90       	pop	r13
 2ec:	cf 90       	pop	r12
 2ee:	08 95       	ret

000002f0 <VirtualizeTimerC__0__Timer__startPeriodic>:
 2f0:	cf 92       	push	r12
 2f2:	df 92       	push	r13
 2f4:	ef 92       	push	r14
 2f6:	ff 92       	push	r15
 2f8:	cf 93       	push	r28
 2fa:	c8 2f       	mov	r28, r24
 2fc:	6a 01       	movw	r12, r20
 2fe:	7b 01       	movw	r14, r22
 300:	0e 94 9a 00 	call	0x134	; 0x134 <Atm1281AlarmAsyncP__0__Counter__get>
 304:	29 e0       	ldi	r18, 0x09	; 9
 306:	c2 9f       	mul	r28, r18
 308:	f0 01       	movw	r30, r0
 30a:	11 24       	eor	r1, r1
 30c:	e3 5f       	subi	r30, 0xF3	; 243
 30e:	fd 4f       	sbci	r31, 0xFD	; 253
 310:	60 83       	st	Z, r22
 312:	71 83       	std	Z+1, r23	; 0x01
 314:	82 83       	std	Z+2, r24	; 0x02
 316:	93 83       	std	Z+3, r25	; 0x03
 318:	c4 82       	std	Z+4, r12	; 0x04
 31a:	d5 82       	std	Z+5, r13	; 0x05
 31c:	e6 82       	std	Z+6, r14	; 0x06
 31e:	f7 82       	std	Z+7, r15	; 0x07
 320:	80 85       	ldd	r24, Z+8	; 0x08
 322:	8e 7f       	andi	r24, 0xFE	; 254
 324:	82 60       	ori	r24, 0x02	; 2
 326:	80 87       	std	Z+8, r24	; 0x08
 328:	81 e0       	ldi	r24, 0x01	; 1
 32a:	cf 91       	pop	r28
 32c:	ff 90       	pop	r15
 32e:	ef 90       	pop	r14
 330:	df 90       	pop	r13
 332:	cf 90       	pop	r12
 334:	0c 94 bf 00 	jmp	0x17e	; 0x17e <SchedulerBasicP__TaskBasic__postTask>

00000338 <VirtualizeTimerC__0__fireTimers>:
 338:	4f 92       	push	r4
 33a:	5f 92       	push	r5
 33c:	6f 92       	push	r6
 33e:	7f 92       	push	r7
 340:	bf 92       	push	r11
 342:	cf 92       	push	r12
 344:	df 92       	push	r13
 346:	ef 92       	push	r14
 348:	ff 92       	push	r15
 34a:	0f 93       	push	r16
 34c:	1f 93       	push	r17
 34e:	cf 93       	push	r28
 350:	df 93       	push	r29
 352:	ed e0       	ldi	r30, 0x0D	; 13
 354:	f2 e0       	ldi	r31, 0x02	; 2
 356:	c0 e0       	ldi	r28, 0x00	; 0
 358:	d0 e0       	ldi	r29, 0x00	; 0
 35a:	b0 84       	ldd	r11, Z+8	; 0x08
 35c:	b1 fe       	sbrs	r11, 1
 35e:	3d c0       	rjmp	.+122    	; 0x3da <VirtualizeTimerC__0__fireTimers+0xa2>
 360:	40 80       	ld	r4, Z
 362:	51 80       	ldd	r5, Z+1	; 0x01
 364:	62 80       	ldd	r6, Z+2	; 0x02
 366:	73 80       	ldd	r7, Z+3	; 0x03
 368:	04 81       	ldd	r16, Z+4	; 0x04
 36a:	15 81       	ldd	r17, Z+5	; 0x05
 36c:	26 81       	ldd	r18, Z+6	; 0x06
 36e:	37 81       	ldd	r19, Z+7	; 0x07
 370:	6b 01       	movw	r12, r22
 372:	7c 01       	movw	r14, r24
 374:	c4 18       	sub	r12, r4
 376:	d5 08       	sbc	r13, r5
 378:	e6 08       	sbc	r14, r6
 37a:	f7 08       	sbc	r15, r7
 37c:	c0 16       	cp	r12, r16
 37e:	d1 06       	cpc	r13, r17
 380:	e2 06       	cpc	r14, r18
 382:	f3 06       	cpc	r15, r19
 384:	50 f1       	brcs	.+84     	; 0x3da <VirtualizeTimerC__0__fireTimers+0xa2>
 386:	b0 fe       	sbrs	r11, 0
 388:	04 c0       	rjmp	.+8      	; 0x392 <VirtualizeTimerC__0__fireTimers+0x5a>
 38a:	e8 94       	clt
 38c:	b1 f8       	bld	r11, 1
 38e:	b0 86       	std	Z+8, r11	; 0x08
 390:	0a c0       	rjmp	.+20     	; 0x3a6 <VirtualizeTimerC__0__fireTimers+0x6e>
 392:	d3 01       	movw	r26, r6
 394:	c2 01       	movw	r24, r4
 396:	80 0f       	add	r24, r16
 398:	91 1f       	adc	r25, r17
 39a:	a2 1f       	adc	r26, r18
 39c:	b3 1f       	adc	r27, r19
 39e:	80 83       	st	Z, r24
 3a0:	91 83       	std	Z+1, r25	; 0x01
 3a2:	a2 83       	std	Z+2, r26	; 0x02
 3a4:	b3 83       	std	Z+3, r27	; 0x03
 3a6:	c1 11       	cpse	r28, r1
 3a8:	1e c0       	rjmp	.+60     	; 0x3e6 <VirtualizeTimerC__0__fireTimers+0xae>
 3aa:	80 91 00 02 	lds	r24, 0x0200
 3ae:	8f 5f       	subi	r24, 0xFF	; 255
 3b0:	80 93 00 02 	sts	0x0200, r24
 3b4:	9f b7       	in	r25, 0x3f	; 63
 3b6:	f8 94       	cli
 3b8:	80 ff       	sbrs	r24, 0
 3ba:	02 c0       	rjmp	.+4      	; 0x3c0 <VirtualizeTimerC__0__fireTimers+0x88>
 3bc:	12 98       	cbi	0x02, 2	; 2
 3be:	01 c0       	rjmp	.+2      	; 0x3c2 <VirtualizeTimerC__0__fireTimers+0x8a>
 3c0:	12 9a       	sbi	0x02, 2	; 2
 3c2:	81 ff       	sbrs	r24, 1
 3c4:	02 c0       	rjmp	.+4      	; 0x3ca <VirtualizeTimerC__0__fireTimers+0x92>
 3c6:	11 98       	cbi	0x02, 1	; 2
 3c8:	01 c0       	rjmp	.+2      	; 0x3cc <VirtualizeTimerC__0__fireTimers+0x94>
 3ca:	11 9a       	sbi	0x02, 1	; 2
 3cc:	82 ff       	sbrs	r24, 2
 3ce:	02 c0       	rjmp	.+4      	; 0x3d4 <VirtualizeTimerC__0__fireTimers+0x9c>
 3d0:	10 98       	cbi	0x02, 0	; 2
 3d2:	01 c0       	rjmp	.+2      	; 0x3d6 <VirtualizeTimerC__0__fireTimers+0x9e>
 3d4:	10 9a       	sbi	0x02, 0	; 2
 3d6:	9f bf       	out	0x3f, r25	; 63
 3d8:	06 c0       	rjmp	.+12     	; 0x3e6 <VirtualizeTimerC__0__fireTimers+0xae>
 3da:	21 96       	adiw	r28, 0x01	; 1
 3dc:	39 96       	adiw	r30, 0x09	; 9
 3de:	c3 30       	cpi	r28, 0x03	; 3
 3e0:	d1 05       	cpc	r29, r1
 3e2:	09 f0       	breq	.+2      	; 0x3e6 <VirtualizeTimerC__0__fireTimers+0xae>
 3e4:	ba cf       	rjmp	.-140    	; 0x35a <VirtualizeTimerC__0__fireTimers+0x22>
 3e6:	81 e0       	ldi	r24, 0x01	; 1
 3e8:	df 91       	pop	r29
 3ea:	cf 91       	pop	r28
 3ec:	1f 91       	pop	r17
 3ee:	0f 91       	pop	r16
 3f0:	ff 90       	pop	r15
 3f2:	ef 90       	pop	r14
 3f4:	df 90       	pop	r13
 3f6:	cf 90       	pop	r12
 3f8:	bf 90       	pop	r11
 3fa:	7f 90       	pop	r7
 3fc:	6f 90       	pop	r6
 3fe:	5f 90       	pop	r5
 400:	4f 90       	pop	r4
 402:	0c 94 bf 00 	jmp	0x17e	; 0x17e <SchedulerBasicP__TaskBasic__postTask>

00000406 <SchedulerBasicP__TaskBasic__runTask>:
 406:	8f 92       	push	r8
 408:	9f 92       	push	r9
 40a:	af 92       	push	r10
 40c:	bf 92       	push	r11
 40e:	cf 92       	push	r12
 410:	df 92       	push	r13
 412:	ef 92       	push	r14
 414:	ff 92       	push	r15
 416:	0f 93       	push	r16
 418:	1f 93       	push	r17
 41a:	cf 93       	push	r28
 41c:	88 23       	and	r24, r24
 41e:	a1 f0       	breq	.+40     	; 0x448 <SchedulerBasicP__TaskBasic__runTask+0x42>
 420:	81 30       	cpi	r24, 0x01	; 1
 422:	09 f0       	breq	.+2      	; 0x426 <SchedulerBasicP__TaskBasic__runTask+0x20>
 424:	bf c0       	rjmp	.+382    	; 0x5a4 <SchedulerBasicP__TaskBasic__runTask+0x19e>
 426:	0e 94 9a 00 	call	0x134	; 0x134 <Atm1281AlarmAsyncP__0__Counter__get>
 42a:	2f b7       	in	r18, 0x3f	; 63
 42c:	f8 94       	cli
 42e:	10 92 0c 02 	sts	0x020C, r1
 432:	2f bf       	out	0x3f, r18	; 63
 434:	ed e0       	ldi	r30, 0x0D	; 13
 436:	f2 e0       	ldi	r31, 0x02	; 2
 438:	c0 e0       	ldi	r28, 0x00	; 0
 43a:	88 24       	eor	r8, r8
 43c:	8a 94       	dec	r8
 43e:	98 2c       	mov	r9, r8
 440:	a8 2c       	mov	r10, r8
 442:	2f e7       	ldi	r18, 0x7F	; 127
 444:	b2 2e       	mov	r11, r18
 446:	67 c0       	rjmp	.+206    	; 0x516 <SchedulerBasicP__TaskBasic__runTask+0x110>
 448:	80 91 0b 02 	lds	r24, 0x020B
 44c:	81 11       	cpse	r24, r1
 44e:	41 c0       	rjmp	.+130    	; 0x4d2 <SchedulerBasicP__TaskBasic__runTask+0xcc>
 450:	40 91 28 02 	lds	r20, 0x0228
 454:	50 91 29 02 	lds	r21, 0x0229
 458:	60 91 2a 02 	lds	r22, 0x022A
 45c:	70 91 2b 02 	lds	r23, 0x022B
 460:	ef b7       	in	r30, 0x3f	; 63
 462:	f8 94       	cli
 464:	80 91 2f 02 	lds	r24, 0x022F
 468:	90 91 30 02 	lds	r25, 0x0230
 46c:	a0 91 31 02 	lds	r26, 0x0231
 470:	b0 91 32 02 	lds	r27, 0x0232
 474:	00 91 01 02 	lds	r16, 0x0201
 478:	10 91 02 02 	lds	r17, 0x0202
 47c:	20 91 03 02 	lds	r18, 0x0203
 480:	30 91 04 02 	lds	r19, 0x0204
 484:	80 0f       	add	r24, r16
 486:	91 1f       	adc	r25, r17
 488:	a2 1f       	adc	r26, r18
 48a:	b3 1f       	adc	r27, r19
 48c:	ef bf       	out	0x3f, r30	; 63
 48e:	40 93 28 02 	sts	0x0228, r20
 492:	50 93 29 02 	sts	0x0229, r21
 496:	60 93 2a 02 	sts	0x022A, r22
 49a:	70 93 2b 02 	sts	0x022B, r23
 49e:	10 92 0b 02 	sts	0x020B, r1
 4a2:	2f b7       	in	r18, 0x3f	; 63
 4a4:	f8 94       	cli
 4a6:	31 e0       	ldi	r19, 0x01	; 1
 4a8:	30 93 0c 02 	sts	0x020C, r19
 4ac:	80 93 01 02 	sts	0x0201, r24
 4b0:	90 93 02 02 	sts	0x0202, r25
 4b4:	a0 93 03 02 	sts	0x0203, r26
 4b8:	b0 93 04 02 	sts	0x0204, r27
 4bc:	40 93 2f 02 	sts	0x022F, r20
 4c0:	50 93 30 02 	sts	0x0230, r21
 4c4:	60 93 31 02 	sts	0x0231, r22
 4c8:	70 93 32 02 	sts	0x0232, r23
 4cc:	2f bf       	out	0x3f, r18	; 63
 4ce:	0e 94 e4 00 	call	0x1c8	; 0x1c8 <Atm1281AlarmAsyncP__0__setInterrupt>
 4d2:	0e 94 9a 00 	call	0x134	; 0x134 <Atm1281AlarmAsyncP__0__Counter__get>
 4d6:	2b c0       	rjmp	.+86     	; 0x52e <SchedulerBasicP__TaskBasic__runTask+0x128>
 4d8:	00 81       	ld	r16, Z
 4da:	11 81       	ldd	r17, Z+1	; 0x01
 4dc:	22 81       	ldd	r18, Z+2	; 0x02
 4de:	33 81       	ldd	r19, Z+3	; 0x03
 4e0:	6b 01       	movw	r12, r22
 4e2:	7c 01       	movw	r14, r24
 4e4:	c0 1a       	sub	r12, r16
 4e6:	d1 0a       	sbc	r13, r17
 4e8:	e2 0a       	sbc	r14, r18
 4ea:	f3 0a       	sbc	r15, r19
 4ec:	04 81       	ldd	r16, Z+4	; 0x04
 4ee:	15 81       	ldd	r17, Z+5	; 0x05
 4f0:	26 81       	ldd	r18, Z+6	; 0x06
 4f2:	37 81       	ldd	r19, Z+7	; 0x07
 4f4:	0c 19       	sub	r16, r12
 4f6:	1d 09       	sbc	r17, r13
 4f8:	2e 09       	sbc	r18, r14
 4fa:	3f 09       	sbc	r19, r15
 4fc:	08 15       	cp	r16, r8
 4fe:	19 05       	cpc	r17, r9
 500:	2a 05       	cpc	r18, r10
 502:	3b 05       	cpc	r19, r11
 504:	1c f4       	brge	.+6      	; 0x50c <SchedulerBasicP__TaskBasic__runTask+0x106>
 506:	48 01       	movw	r8, r16
 508:	59 01       	movw	r10, r18
 50a:	c1 e0       	ldi	r28, 0x01	; 1
 50c:	39 96       	adiw	r30, 0x09	; 9
 50e:	22 e0       	ldi	r18, 0x02	; 2
 510:	e8 32       	cpi	r30, 0x28	; 40
 512:	f2 07       	cpc	r31, r18
 514:	21 f0       	breq	.+8      	; 0x51e <SchedulerBasicP__TaskBasic__runTask+0x118>
 516:	40 85       	ldd	r20, Z+8	; 0x08
 518:	41 ff       	sbrs	r20, 1
 51a:	f8 cf       	rjmp	.-16     	; 0x50c <SchedulerBasicP__TaskBasic__runTask+0x106>
 51c:	dd cf       	rjmp	.-70     	; 0x4d8 <SchedulerBasicP__TaskBasic__runTask+0xd2>
 51e:	cc 23       	and	r28, r28
 520:	09 f4       	brne	.+2      	; 0x524 <SchedulerBasicP__TaskBasic__runTask+0x11e>
 522:	40 c0       	rjmp	.+128    	; 0x5a4 <SchedulerBasicP__TaskBasic__runTask+0x19e>
 524:	18 14       	cp	r1, r8
 526:	19 04       	cpc	r1, r9
 528:	1a 04       	cpc	r1, r10
 52a:	1b 04       	cpc	r1, r11
 52c:	6c f0       	brlt	.+26     	; 0x548 <SchedulerBasicP__TaskBasic__runTask+0x142>
 52e:	cf 91       	pop	r28
 530:	1f 91       	pop	r17
 532:	0f 91       	pop	r16
 534:	ff 90       	pop	r15
 536:	ef 90       	pop	r14
 538:	df 90       	pop	r13
 53a:	cf 90       	pop	r12
 53c:	bf 90       	pop	r11
 53e:	af 90       	pop	r10
 540:	9f 90       	pop	r9
 542:	8f 90       	pop	r8
 544:	0c 94 9c 01 	jmp	0x338	; 0x338 <VirtualizeTimerC__0__fireTimers>
 548:	80 92 28 02 	sts	0x0228, r8
 54c:	90 92 29 02 	sts	0x0229, r9
 550:	a0 92 2a 02 	sts	0x022A, r10
 554:	b0 92 2b 02 	sts	0x022B, r11
 558:	41 e0       	ldi	r20, 0x01	; 1
 55a:	40 93 0b 02 	sts	0x020B, r20
 55e:	4f b7       	in	r20, 0x3f	; 63
 560:	f8 94       	cli
 562:	51 e0       	ldi	r21, 0x01	; 1
 564:	50 93 0c 02 	sts	0x020C, r21
 568:	60 93 01 02 	sts	0x0201, r22
 56c:	70 93 02 02 	sts	0x0202, r23
 570:	80 93 03 02 	sts	0x0203, r24
 574:	90 93 04 02 	sts	0x0204, r25
 578:	80 92 2f 02 	sts	0x022F, r8
 57c:	90 92 30 02 	sts	0x0230, r9
 580:	a0 92 31 02 	sts	0x0231, r10
 584:	b0 92 32 02 	sts	0x0232, r11
 588:	4f bf       	out	0x3f, r20	; 63
 58a:	cf 91       	pop	r28
 58c:	1f 91       	pop	r17
 58e:	0f 91       	pop	r16
 590:	ff 90       	pop	r15
 592:	ef 90       	pop	r14
 594:	df 90       	pop	r13
 596:	cf 90       	pop	r12
 598:	bf 90       	pop	r11
 59a:	af 90       	pop	r10
 59c:	9f 90       	pop	r9
 59e:	8f 90       	pop	r8
 5a0:	0c 94 e4 00 	jmp	0x1c8	; 0x1c8 <Atm1281AlarmAsyncP__0__setInterrupt>
 5a4:	cf 91       	pop	r28
 5a6:	1f 91       	pop	r17
 5a8:	0f 91       	pop	r16
 5aa:	ff 90       	pop	r15
 5ac:	ef 90       	pop	r14
 5ae:	df 90       	pop	r13
 5b0:	cf 90       	pop	r12
 5b2:	bf 90       	pop	r11
 5b4:	af 90       	pop	r10
 5b6:	9f 90       	pop	r9
 5b8:	8f 90       	pop	r8
 5ba:	08 95       	ret

000005bc <__nesc_atomic_start>:
 5bc:	8f b7       	in	r24, 0x3f	; 63
 5be:	f8 94       	cli
 5c0:	08 95       	ret

000005c2 <__nesc_atomic_end>:
 5c2:	8f bf       	out	0x3f, r24	; 63
 5c4:	08 95       	ret

000005c6 <__vector_13>:
 5c6:	1f 92       	push	r1
 5c8:	0f 92       	push	r0
 5ca:	0f b6       	in	r0, 0x3f	; 63
 5cc:	0f 92       	push	r0
 5ce:	11 24       	eor	r1, r1
 5d0:	0b b6       	in	r0, 0x3b	; 59
 5d2:	0f 92       	push	r0
 5d4:	2f 93       	push	r18
 5d6:	3f 93       	push	r19
 5d8:	4f 93       	push	r20
 5da:	5f 93       	push	r21
 5dc:	6f 93       	push	r22
 5de:	7f 93       	push	r23
 5e0:	8f 93       	push	r24
 5e2:	9f 93       	push	r25
 5e4:	af 93       	push	r26
 5e6:	bf 93       	push	r27
 5e8:	ef 93       	push	r30
 5ea:	ff 93       	push	r31
 5ec:	0e 94 91 00 	call	0x122	; 0x122 <HplAtm1281Timer2AsyncP__stabiliseTimer2>
 5f0:	20 91 b3 00 	lds	r18, 0x00B3
 5f4:	30 e0       	ldi	r19, 0x00	; 0
 5f6:	2f 5f       	subi	r18, 0xFF	; 255
 5f8:	3f 4f       	sbci	r19, 0xFF	; 255
 5fa:	80 91 05 02 	lds	r24, 0x0205
 5fe:	90 91 06 02 	lds	r25, 0x0206
 602:	a0 91 07 02 	lds	r26, 0x0207
 606:	b0 91 08 02 	lds	r27, 0x0208
 60a:	82 0f       	add	r24, r18
 60c:	93 1f       	adc	r25, r19
 60e:	a1 1d       	adc	r26, r1
 610:	b1 1d       	adc	r27, r1
 612:	80 93 05 02 	sts	0x0205, r24
 616:	90 93 06 02 	sts	0x0206, r25
 61a:	a0 93 07 02 	sts	0x0207, r26
 61e:	b0 93 08 02 	sts	0x0208, r27
 622:	78 94       	sei
 624:	0e 94 e4 00 	call	0x1c8	; 0x1c8 <Atm1281AlarmAsyncP__0__setInterrupt>
 628:	ff 91       	pop	r31
 62a:	ef 91       	pop	r30
 62c:	bf 91       	pop	r27
 62e:	af 91       	pop	r26
 630:	9f 91       	pop	r25
 632:	8f 91       	pop	r24
 634:	7f 91       	pop	r23
 636:	6f 91       	pop	r22
 638:	5f 91       	pop	r21
 63a:	4f 91       	pop	r20
 63c:	3f 91       	pop	r19
 63e:	2f 91       	pop	r18
 640:	0f 90       	pop	r0
 642:	0b be       	out	0x3b, r0	; 59
 644:	0f 90       	pop	r0
 646:	0f be       	out	0x3f, r0	; 63
 648:	0f 90       	pop	r0
 64a:	1f 90       	pop	r1
 64c:	18 95       	reti

0000064e <__vector_15>:
 64e:	1f 92       	push	r1
 650:	0f 92       	push	r0
 652:	0f b6       	in	r0, 0x3f	; 63
 654:	0f 92       	push	r0
 656:	11 24       	eor	r1, r1
 658:	0b b6       	in	r0, 0x3b	; 59
 65a:	0f 92       	push	r0
 65c:	2f 93       	push	r18
 65e:	3f 93       	push	r19
 660:	4f 93       	push	r20
 662:	5f 93       	push	r21
 664:	6f 93       	push	r22
 666:	7f 93       	push	r23
 668:	8f 93       	push	r24
 66a:	9f 93       	push	r25
 66c:	af 93       	push	r26
 66e:	bf 93       	push	r27
 670:	ef 93       	push	r30
 672:	ff 93       	push	r31
 674:	0e 94 91 00 	call	0x122	; 0x122 <HplAtm1281Timer2AsyncP__stabiliseTimer2>
 678:	ff 91       	pop	r31
 67a:	ef 91       	pop	r30
 67c:	bf 91       	pop	r27
 67e:	af 91       	pop	r26
 680:	9f 91       	pop	r25
 682:	8f 91       	pop	r24
 684:	7f 91       	pop	r23
 686:	6f 91       	pop	r22
 688:	5f 91       	pop	r21
 68a:	4f 91       	pop	r20
 68c:	3f 91       	pop	r19
 68e:	2f 91       	pop	r18
 690:	0f 90       	pop	r0
 692:	0b be       	out	0x3b, r0	; 59
 694:	0f 90       	pop	r0
 696:	0f be       	out	0x3f, r0	; 63
 698:	0f 90       	pop	r0
 69a:	1f 90       	pop	r1
 69c:	18 95       	reti

0000069e <main>:
 69e:	cf b7       	in	r28, 0x3f	; 63
 6a0:	f8 94       	cli
 6a2:	14 be       	out	0x34, r1	; 52
 6a4:	88 e1       	ldi	r24, 0x18	; 24
 6a6:	0f b6       	in	r0, 0x3f	; 63
 6a8:	f8 94       	cli
 6aa:	80 93 60 00 	sts	0x0060, r24
 6ae:	10 92 60 00 	sts	0x0060, r1
 6b2:	0f be       	out	0x3f, r0	; 63
 6b4:	8f ef       	ldi	r24, 0xFF	; 255
 6b6:	9f ef       	ldi	r25, 0xFF	; 255
 6b8:	90 93 0a 02 	sts	0x020A, r25
 6bc:	80 93 09 02 	sts	0x0209, r24
 6c0:	80 93 2c 02 	sts	0x022C, r24
 6c4:	80 93 33 02 	sts	0x0233, r24
 6c8:	81 e0       	ldi	r24, 0x01	; 1
 6ca:	80 93 81 00 	sts	0x0081, r24
 6ce:	80 e2       	ldi	r24, 0x20	; 32
 6d0:	80 93 b6 00 	sts	0x00B6, r24
 6d4:	83 e0       	ldi	r24, 0x03	; 3
 6d6:	80 93 b1 00 	sts	0x00B1, r24
 6da:	80 91 84 00 	lds	r24, 0x0084
 6de:	90 91 85 00 	lds	r25, 0x0085
 6e2:	4a e7       	ldi	r20, 0x7A	; 122
 6e4:	20 91 84 00 	lds	r18, 0x0084
 6e8:	30 91 85 00 	lds	r19, 0x0085
 6ec:	28 17       	cp	r18, r24
 6ee:	39 07       	cpc	r19, r25
 6f0:	08 f4       	brcc	.+2      	; 0x6f4 <main+0x56>
 6f2:	41 50       	subi	r20, 0x01	; 1
 6f4:	44 23       	and	r20, r20
 6f6:	11 f0       	breq	.+4      	; 0x6fc <main+0x5e>
 6f8:	c9 01       	movw	r24, r18
 6fa:	f4 cf       	rjmp	.-24     	; 0x6e4 <main+0x46>
 6fc:	80 91 b2 00 	lds	r24, 0x00B2
 700:	90 91 b2 00 	lds	r25, 0x00B2
 704:	98 17       	cp	r25, r24
 706:	e1 f3       	breq	.-8      	; 0x700 <main+0x62>
 708:	20 91 84 00 	lds	r18, 0x0084
 70c:	30 91 85 00 	lds	r19, 0x0085
 710:	80 91 b2 00 	lds	r24, 0x00B2
 714:	90 91 b2 00 	lds	r25, 0x00B2
 718:	98 17       	cp	r25, r24
 71a:	e1 f3       	breq	.-8      	; 0x714 <main+0x76>
 71c:	80 91 84 00 	lds	r24, 0x0084
 720:	90 91 85 00 	lds	r25, 0x0085
 724:	40 96       	adiw	r24, 0x10	; 16
 726:	82 1b       	sub	r24, r18
 728:	93 0b       	sbc	r25, r19
 72a:	35 e0       	ldi	r19, 0x05	; 5
 72c:	96 95       	lsr	r25
 72e:	87 95       	ror	r24
 730:	3a 95       	dec	r19
 732:	e1 f7       	brne	.-8      	; 0x72c <main+0x8e>
 734:	90 93 2e 02 	sts	0x022E, r25
 738:	80 93 2d 02 	sts	0x022D, r24
 73c:	10 92 b1 00 	sts	0x00B1, r1
 740:	10 92 81 00 	sts	0x0081, r1
 744:	10 92 b6 00 	sts	0x00B6, r1
 748:	10 92 b2 00 	sts	0x00B2, r1
 74c:	10 92 85 00 	sts	0x0085, r1
 750:	10 92 84 00 	sts	0x0084, r1
 754:	8f ef       	ldi	r24, 0xFF	; 255
 756:	87 bb       	out	0x17, r24	; 23
 758:	86 bb       	out	0x16, r24	; 22
 75a:	80 91 b6 00 	lds	r24, 0x00B6
 75e:	85 71       	andi	r24, 0x15	; 21
 760:	e1 f7       	brne	.-8      	; 0x75a <main+0xbc>
 762:	0a 9a       	sbi	0x01, 2	; 1
 764:	09 9a       	sbi	0x01, 1	; 1
 766:	08 9a       	sbi	0x01, 0	; 1
 768:	12 9a       	sbi	0x02, 2	; 2
 76a:	11 9a       	sbi	0x02, 1	; 2
 76c:	10 9a       	sbi	0x02, 0	; 2
 76e:	18 b8       	out	0x08, r1	; 8
 770:	8f ef       	ldi	r24, 0xFF	; 255
 772:	87 b9       	out	0x07, r24	; 7
 774:	0c 98       	cbi	0x01, 4	; 1
 776:	14 98       	cbi	0x02, 4	; 2
 778:	0e 94 7d 00 	call	0xfa	; 0xfa <SchedulerBasicP__popTask>
 77c:	8f 3f       	cpi	r24, 0xFF	; 255
 77e:	19 f0       	breq	.+6      	; 0x786 <main+0xe8>
 780:	0e 94 03 02 	call	0x406	; 0x406 <SchedulerBasicP__TaskBasic__runTask>
 784:	f9 cf       	rjmp	.-14     	; 0x778 <main+0xda>
 786:	80 91 b6 00 	lds	r24, 0x00B6
 78a:	80 62       	ori	r24, 0x20	; 32
 78c:	80 93 b6 00 	sts	0x00B6, r24
 790:	80 91 b6 00 	lds	r24, 0x00B6
 794:	81 fd       	sbrc	r24, 1
 796:	fc cf       	rjmp	.-8      	; 0x790 <main+0xf2>
 798:	82 e0       	ldi	r24, 0x02	; 2
 79a:	80 93 b0 00 	sts	0x00B0, r24
 79e:	80 91 b6 00 	lds	r24, 0x00B6
 7a2:	80 fd       	sbrc	r24, 0
 7a4:	fc cf       	rjmp	.-8      	; 0x79e <main+0x100>
 7a6:	83 e0       	ldi	r24, 0x03	; 3
 7a8:	80 93 b1 00 	sts	0x00B1, r24
 7ac:	80 91 b6 00 	lds	r24, 0x00B6
 7b0:	83 fd       	sbrc	r24, 3
 7b2:	fc cf       	rjmp	.-8      	; 0x7ac <main+0x10e>
 7b4:	86 ee       	ldi	r24, 0xE6	; 230
 7b6:	80 93 b3 00 	sts	0x00B3, r24
 7ba:	80 91 70 00 	lds	r24, 0x0070
 7be:	82 60       	ori	r24, 0x02	; 2
 7c0:	80 93 70 00 	sts	0x0070, r24
 7c4:	0e 94 e4 00 	call	0x1c8	; 0x1c8 <Atm1281AlarmAsyncP__0__setInterrupt>
 7c8:	0e 94 7d 00 	call	0xfa	; 0xfa <SchedulerBasicP__popTask>
 7cc:	8f 3f       	cpi	r24, 0xFF	; 255
 7ce:	19 f0       	breq	.+6      	; 0x7d6 <main+0x138>
 7d0:	0e 94 03 02 	call	0x406	; 0x406 <SchedulerBasicP__TaskBasic__runTask>
 7d4:	f9 cf       	rjmp	.-14     	; 0x7c8 <main+0x12a>
 7d6:	cf bf       	out	0x3f, r28	; 63
 7d8:	78 94       	sei
 7da:	4a ef       	ldi	r20, 0xFA	; 250
 7dc:	50 e0       	ldi	r21, 0x00	; 0
 7de:	60 e0       	ldi	r22, 0x00	; 0
 7e0:	70 e0       	ldi	r23, 0x00	; 0
 7e2:	80 e0       	ldi	r24, 0x00	; 0
 7e4:	0e 94 78 01 	call	0x2f0	; 0x2f0 <VirtualizeTimerC__0__Timer__startPeriodic>
 7e8:	44 ef       	ldi	r20, 0xF4	; 244
 7ea:	51 e0       	ldi	r21, 0x01	; 1
 7ec:	60 e0       	ldi	r22, 0x00	; 0
 7ee:	70 e0       	ldi	r23, 0x00	; 0
 7f0:	81 e0       	ldi	r24, 0x01	; 1
 7f2:	0e 94 78 01 	call	0x2f0	; 0x2f0 <VirtualizeTimerC__0__Timer__startPeriodic>
 7f6:	48 ee       	ldi	r20, 0xE8	; 232
 7f8:	53 e0       	ldi	r21, 0x03	; 3
 7fa:	60 e0       	ldi	r22, 0x00	; 0
 7fc:	70 e0       	ldi	r23, 0x00	; 0
 7fe:	82 e0       	ldi	r24, 0x02	; 2
 800:	0e 94 78 01 	call	0x2f0	; 0x2f0 <VirtualizeTimerC__0__Timer__startPeriodic>
 804:	cf b7       	in	r28, 0x3f	; 63
 806:	f8 94       	cli
 808:	0e 94 7d 00 	call	0xfa	; 0xfa <SchedulerBasicP__popTask>
 80c:	8f 3f       	cpi	r24, 0xFF	; 255
 80e:	09 f0       	breq	.+2      	; 0x812 <main+0x174>
 810:	4f c0       	rjmp	.+158    	; 0x8b0 <main+0x212>
 812:	80 91 70 00 	lds	r24, 0x0070
 816:	83 70       	andi	r24, 0x03	; 3
 818:	99 f0       	breq	.+38     	; 0x840 <main+0x1a2>
 81a:	80 91 b6 00 	lds	r24, 0x00B6
 81e:	8a 71       	andi	r24, 0x1A	; 26
 820:	e1 f7       	brne	.-8      	; 0x81a <main+0x17c>
 822:	80 91 b3 00 	lds	r24, 0x00B3
 826:	90 91 b2 00 	lds	r25, 0x00B2
 82a:	89 1b       	sub	r24, r25
 82c:	8c 30       	cpi	r24, 0x0C	; 12
 82e:	10 f4       	brcc	.+4      	; 0x834 <main+0x196>
 830:	92 e0       	ldi	r25, 0x02	; 2
 832:	07 c0       	rjmp	.+14     	; 0x842 <main+0x1a4>
 834:	80 91 b2 00 	lds	r24, 0x00B2
 838:	85 3f       	cpi	r24, 0xF5	; 245
 83a:	d0 f7       	brcc	.-12     	; 0x830 <main+0x192>
 83c:	93 e0       	ldi	r25, 0x03	; 3
 83e:	01 c0       	rjmp	.+2      	; 0x842 <main+0x1a4>
 840:	95 e0       	ldi	r25, 0x05	; 5
 842:	80 91 6e 00 	lds	r24, 0x006E
 846:	86 70       	andi	r24, 0x06	; 6
 848:	e9 f4       	brne	.+58     	; 0x884 <main+0x1e6>
 84a:	80 91 6f 00 	lds	r24, 0x006F
 84e:	8e 72       	andi	r24, 0x2E	; 46
 850:	c9 f4       	brne	.+50     	; 0x884 <main+0x1e6>
 852:	80 91 71 00 	lds	r24, 0x0071
 856:	8e 72       	andi	r24, 0x2E	; 46
 858:	a9 f4       	brne	.+42     	; 0x884 <main+0x1e6>
 85a:	0c b4       	in	r0, 0x2c	; 44
 85c:	07 fc       	sbrc	r0, 7
 85e:	12 c0       	rjmp	.+36     	; 0x884 <main+0x1e6>
 860:	80 91 c1 00 	lds	r24, 0x00C1
 864:	88 71       	andi	r24, 0x18	; 24
 866:	71 f4       	brne	.+28     	; 0x884 <main+0x1e6>
 868:	80 91 c9 00 	lds	r24, 0x00C9
 86c:	88 71       	andi	r24, 0x18	; 24
 86e:	51 f4       	brne	.+20     	; 0x884 <main+0x1e6>
 870:	80 91 bc 00 	lds	r24, 0x00BC
 874:	82 fd       	sbrc	r24, 2
 876:	06 c0       	rjmp	.+12     	; 0x884 <main+0x1e6>
 878:	80 91 7a 00 	lds	r24, 0x007A
 87c:	87 ff       	sbrs	r24, 7
 87e:	04 c0       	rjmp	.+8      	; 0x888 <main+0x1ea>
 880:	e1 e0       	ldi	r30, 0x01	; 1
 882:	03 c0       	rjmp	.+6      	; 0x88a <main+0x1ec>
 884:	e0 e0       	ldi	r30, 0x00	; 0
 886:	01 c0       	rjmp	.+2      	; 0x88a <main+0x1ec>
 888:	e5 e0       	ldi	r30, 0x05	; 5
 88a:	83 b7       	in	r24, 0x33	; 51
 88c:	9e 17       	cp	r25, r30
 88e:	08 f4       	brcc	.+2      	; 0x892 <main+0x1f4>
 890:	e9 2f       	mov	r30, r25
 892:	f0 e0       	ldi	r31, 0x00	; 0
 894:	e4 53       	subi	r30, 0x34	; 52
 896:	ff 4f       	sbci	r31, 0xFF	; 255
 898:	e4 91       	lpm	r30, Z
 89a:	80 7f       	andi	r24, 0xF0	; 240
 89c:	81 60       	ori	r24, 0x01	; 1
 89e:	8e 2b       	or	r24, r30
 8a0:	83 bf       	out	0x33, r24	; 51
 8a2:	78 94       	sei
 8a4:	88 95       	sleep
 8a6:	f8 94       	cli
 8a8:	83 b7       	in	r24, 0x33	; 51
 8aa:	8e 7f       	andi	r24, 0xFE	; 254
 8ac:	83 bf       	out	0x33, r24	; 51
 8ae:	ac cf       	rjmp	.-168    	; 0x808 <main+0x16a>
 8b0:	cf bf       	out	0x3f, r28	; 63
 8b2:	0e 94 03 02 	call	0x406	; 0x406 <SchedulerBasicP__TaskBasic__runTask>
 8b6:	a6 cf       	rjmp	.-180    	; 0x804 <main+0x166>

000008b8 <_exit>:
 8b8:	f8 94       	cli

000008ba <__stop_program>:
 8ba:	ff cf       	rjmp	.-2      	; 0x8ba <__stop_program>
